<?xml version="1.0" encoding="UTF-8"?>
<!-- Generated by org.testng.reporters.JUnitReportReporter -->
<testsuite skipped="0" hostname="Jejamma" name="suitea.TestA" tests="1" failures="0" timestamp="12 Jan 2021 15:15:42 GMT" time="0.016" errors="0">
  <testcase name="TestA" time="0.016" classname="suitea.TestA"/>
</testsuite> <!-- suitea.TestA -->
