<?xml version="1.0" encoding="UTF-8"?>
<!-- Generated by org.testng.reporters.JUnitReportReporter -->
<testsuite skipped="0" hostname="Jejamma" name="suiteb.TestBB" tests="1" failures="0" timestamp="18 Jan 2021 16:33:27 GMT" time="0.034" errors="0">
  <testcase name="TestB1" time="0.034" classname="suiteb.TestBB"/>
</testsuite> <!-- suiteb.TestBB -->
