<?xml version="1.0" encoding="UTF-8"?>
<!-- Generated by org.testng.reporters.JUnitReportReporter -->
<testsuite skipped="0" hostname="Jejamma" name="practise.ClassA" tests="6" failures="0" timestamp="23 Jan 2021 07:29:00 GMT" time="0.047" errors="0">
  <testcase name="Test2" time="0.016" classname="practise.ClassA"/>
  <testcase name="Test1" time="0.000" classname="practise.ClassA"/>
  <testcase name="Test1" time="0.000" classname="practise.ClassA"/>
  <testcase name="Test2" time="0.016" classname="practise.ClassA"/>
  <testcase name="Test1" time="0.015" classname="practise.ClassA"/>
  <testcase name="Test2" time="0.000" classname="practise.ClassA"/>
</testsuite> <!-- practise.ClassA -->
