<?xml version="1.0" encoding="UTF-8"?>
<!-- Generated by org.testng.reporters.JUnitReportReporter -->
<testsuite skipped="0" hostname="Jejamma" name="suiteb.TestB" tests="2" failures="0" timestamp="18 Jan 2021 16:33:27 GMT" time="0.098" errors="0">
  <testcase name="TestB" time="0.050" classname="suiteb.TestB"/>
  <testcase name="TestB3" time="0.048" classname="suiteb.TestB"/>
</testsuite> <!-- suiteb.TestB -->
