<?xml version="1.0" encoding="UTF-8"?>
<!-- Generated by org.testng.reporters.JUnitReportReporter -->
<testsuite skipped="0" hostname="Jejamma" name="suiteb.TestBB" tests="1" failures="0" timestamp="2021-01-12T20:55:18 IST" time="0.032" errors="0">
  <testcase name="TestBB" time="0.032" classname="suiteb.TestBB"/>
</testsuite> <!-- suiteb.TestBB -->
